# JRE version: Java(TM) SE Runtime Environment (17.0.12+8) (build 17.0.12+8-LTS-286)
# Java VM: Java HotSpot(TM) 64-Bit Server VM (17.0.12+8-LTS-286, mixed mode, sharing, tiered, compressed oops, compressed class ptrs, g1 gc, windows-amd64)
GC Precious Log:
 CPUs: 12 total, 12 available
 Memory: 7863M
 Large Page Support: Disabled
 NUMA Support: Disabled
 Compressed Oops: Enabled (32-bit)
 Heap Region Size: 1M
 Heap Min Capacity: 256M
 Heap Initial Capacity: 256M
 Heap Max Capacity: 2G
 Pre-touch: Disabled
 Parallel Workers: 10
 Concurrent Workers: 3
 Concurrent Refinement Workers: 10
 Periodic GC: Disabled
Heap:
 garbage-first heap   total 440320K, used 272411K [0x0000000080000000, 0x0000000100000000)
  region size 1024K, 13 young (13312K), 10 survivors (10240K)
 Metaspace       used 118884K, committed 121088K, reserved 458752K
  class space    used 16652K, committed 17664K, reserved 327680K
GC Heap History (20 events):
Event: 146.126 GC heap before
{Heap before GC invocations=55 (full 0):
 garbage-first heap   total 377856K, used 229209K [0x0000000080000000, 0x0000000100000000)
  region size 1024K, 18 young (18432K), 9 survivors (9216K)
 Metaspace       used 115059K, committed 117056K, reserved 458752K
  class space    used 16183K, committed 17088K, reserved 327680K
}
Event: 146.134 GC heap after
{Heap after GC invocations=56 (full 0):
 garbage-first heap   total 377856K, used 220431K [0x0000000080000000, 0x0000000100000000)
  region size 1024K, 3 young (3072K), 3 survivors (3072K)
 Metaspace       used 115059K, committed 117056K, reserved 458752K
  class space    used 16183K, committed 17088K, reserved 327680K
}
Event: 146.910 GC heap before
{Heap before GC invocations=56 (full 0):
 garbage-first heap   total 377856K, used 311567K [0x0000000080000000, 0x0000000100000000)
  region size 1024K, 90 young (92160K), 3 survivors (3072K)
 Metaspace       used 115160K, committed 117248K, reserved 458752K
  class space    used 16198K, committed 17152K, reserved 327680K
}
Event: 146.916 GC heap after
{Heap after GC invocations=57 (full 0):
 garbage-first heap   total 377856K, used 228110K [0x0000000080000000, 0x0000000100000000)
  region size 1024K, 8 young (8192K), 8 survivors (8192K)
 Metaspace       used 115160K, committed 117248K, reserved 458752K
  class space    used 16198K, committed 17152K, reserved 327680K
}
Event: 148.313 GC heap before
{Heap before GC invocations=58 (full 0):
 garbage-first heap   total 391168K, used 312078K [0x0000000080000000, 0x0000000100000000)
  region size 1024K, 90 young (92160K), 8 survivors (8192K)
 Metaspace       used 116757K, committed 118848K, reserved 458752K
  class space    used 16390K, committed 17344K, reserved 327680K
}
Event: 148.328 GC heap after
{Heap after GC invocations=59 (full 0):
 garbage-first heap   total 391168K, used 244799K [0x0000000080000000, 0x0000000100000000)
  region size 1024K, 12 young (12288K), 12 survivors (12288K)
 Metaspace       used 116757K, committed 118848K, reserved 458752K
  class space    used 16390K, committed 17344K, reserved 327680K
}
Event: 148.390 GC heap before
{Heap before GC invocations=59 (full 0):
 garbage-first heap   total 391168K, used 251967K [0x0000000080000000, 0x0000000100000000)
  region size 1024K, 19 young (19456K), 12 survivors (12288K)
 Metaspace       used 117019K, committed 119104K, reserved 458752K
  class space    used 16428K, committed 17408K, reserved 327680K
}
Event: 148.403 GC heap after
{Heap after GC invocations=60 (full 0):
 garbage-first heap   total 391168K, used 244946K [0x0000000080000000, 0x0000000100000000)
  region size 1024K, 2 young (2048K), 2 survivors (2048K)
 Metaspace       used 117019K, committed 119104K, reserved 458752K
  class space    used 16428K, committed 17408K, reserved 327680K
}
Event: 149.129 GC heap before
{Heap before GC invocations=60 (full 0):
 garbage-first heap   total 391168K, used 320722K [0x0000000080000000, 0x0000000100000000)
  region size 1024K, 76 young (77824K), 2 survivors (2048K)
 Metaspace       used 117651K, committed 119808K, reserved 458752K
  class space    used 16487K, committed 17472K, reserved 327680K
}
Event: 149.138 GC heap after
{Heap after GC invocations=61 (full 0):
 garbage-first heap   total 391168K, used 253115K [0x0000000080000000, 0x0000000100000000)
  region size 1024K, 10 young (10240K), 10 survivors (10240K)
 Metaspace       used 117651K, committed 119808K, reserved 458752K
  class space    used 16487K, committed 17472K, reserved 327680K
}
Event: 150.534 GC heap before
{Heap before GC invocations=62 (full 0):
 garbage-first heap   total 440320K, used 319675K [0x0000000080000000, 0x0000000100000000)
  region size 1024K, 76 young (77824K), 10 survivors (10240K)
 Metaspace       used 118704K, committed 120896K, reserved 458752K
  class space    used 16639K, committed 17664K, reserved 327680K
}
Event: 150.547 GC heap after
{Heap after GC invocations=63 (full 0):
 garbage-first heap   total 440320K, used 261026K [0x0000000080000000, 0x0000000100000000)
  region size 1024K, 9 young (9216K), 9 survivors (9216K)
 Metaspace       used 118704K, committed 120896K, reserved 458752K
  class space    used 16639K, committed 17664K, reserved 327680K
}
Event: 151.085 GC heap before
{Heap before GC invocations=63 (full 0):
 garbage-first heap   total 440320K, used 272290K [0x0000000080000000, 0x0000000100000000)
  region size 1024K, 21 young (21504K), 9 survivors (9216K)
 Metaspace       used 118763K, committed 120960K, reserved 458752K
  class space    used 16648K, committed 17664K, reserved 327680K
}
Event: 151.096 GC heap after
{Heap after GC invocations=64 (full 0):
 garbage-first heap   total 440320K, used 263086K [0x0000000080000000, 0x0000000100000000)
  region size 1024K, 3 young (3072K), 3 survivors (3072K)
 Metaspace       used 118763K, committed 120960K, reserved 458752K
  class space    used 16648K, committed 17664K, reserved 327680K
}
Event: 151.842 GC heap before
{Heap before GC invocations=64 (full 0):
 garbage-first heap   total 440320K, used 356270K [0x0000000080000000, 0x0000000100000000)
  region size 1024K, 94 young (96256K), 3 survivors (3072K)
 Metaspace       used 118763K, committed 120960K, reserved 458752K
  class space    used 16648K, committed 17664K, reserved 327680K
}
Event: 151.845 GC heap after
{Heap after GC invocations=65 (full 0):
 garbage-first heap   total 440320K, used 264644K [0x0000000080000000, 0x0000000100000000)
  region size 1024K, 5 young (5120K), 5 survivors (5120K)
 Metaspace       used 118763K, committed 120960K, reserved 458752K
  class space    used 16648K, committed 17664K, reserved 327680K
}
Event: 153.606 GC heap before
{Heap before GC invocations=65 (full 0):
 garbage-first heap   total 440320K, used 359876K [0x0000000080000000, 0x0000000100000000)
  region size 1024K, 98 young (100352K), 5 survivors (5120K)
 Metaspace       used 118770K, committed 120960K, reserved 458752K
  class space    used 16648K, committed 17664K, reserved 327680K
}
Event: 153.611 GC heap after
{Heap after GC invocations=66 (full 0):
 garbage-first heap   total 440320K, used 266873K [0x0000000080000000, 0x0000000100000000)
  region size 1024K, 7 young (7168K), 7 survivors (7168K)
 Metaspace       used 118770K, committed 120960K, reserved 458752K
  class space    used 16648K, committed 17664K, reserved 327680K
}
Event: 157.584 GC heap before
{Heap before GC invocations=66 (full 0):
 garbage-first heap   total 440320K, used 363129K [0x0000000080000000, 0x0000000100000000)
  region size 1024K, 102 young (104448K), 7 survivors (7168K)
 Metaspace       used 118884K, committed 121088K, reserved 458752K
  class space    used 16652K, committed 17664K, reserved 327680K
}
Event: 157.593 GC heap after
{Heap after GC invocations=67 (full 0):
 garbage-first heap   total 440320K, used 270363K [0x0000000080000000, 0x0000000100000000)
  region size 1024K, 10 young (10240K), 10 survivors (10240K)
 Metaspace       used 118884K, committed 121088K, reserved 458752K
  class space    used 16652K, committed 17664K, reserved 327680K
}

