# JRE version: Java(TM) SE Runtime Environment (17.0.12+8) (build 17.0.12+8-LTS-286)
# Java VM: Java HotSpot(TM) 64-Bit Server VM (17.0.12+8-LTS-286, mixed mode, sharing, tiered, compressed oops, compressed class ptrs, g1 gc, windows-amd64)
GC Precious Log:
 CPUs: 12 total, 12 available
 Memory: 7863M
 Large Page Support: Disabled
 NUMA Support: Disabled
 Compressed Oops: Enabled (32-bit)
 Heap Region Size: 1M
 Heap Min Capacity: 256M
 Heap Initial Capacity: 256M
 Heap Max Capacity: 2G
 Pre-touch: Disabled
 Parallel Workers: 10
 Concurrent Workers: 3
 Concurrent Refinement Workers: 10
 Periodic GC: Disabled
Heap:
 garbage-first heap   total 262144K, used 157780K [0x0000000080000000, 0x0000000100000000)
  region size 1024K, 3 young (3072K), 3 survivors (3072K)
 Metaspace       used 128757K, committed 130368K, reserved 770048K
  class space    used 17843K, committed 18624K, reserved 638976K
GC Heap History (20 events):
Event: 136.059 GC heap after
{Heap after GC invocations=22 (full 0):
 garbage-first heap   total 262144K, used 120724K [0x0000000080000000, 0x0000000100000000)
  region size 1024K, 2 young (2048K), 2 survivors (2048K)
 Metaspace       used 105182K, committed 106496K, reserved 770048K
  class space    used 14618K, committed 15232K, reserved 638976K
}
Event: 137.451 GC heap before
{Heap before GC invocations=22 (full 0):
 garbage-first heap   total 262144K, used 205716K [0x0000000080000000, 0x0000000100000000)
  region size 1024K, 86 young (88064K), 2 survivors (2048K)
 Metaspace       used 109060K, committed 110336K, reserved 770048K
  class space    used 15129K, committed 15744K, reserved 638976K
}
Event: 137.455 GC heap after
{Heap after GC invocations=23 (full 0):
 garbage-first heap   total 262144K, used 124220K [0x0000000080000000, 0x0000000100000000)
  region size 1024K, 6 young (6144K), 6 survivors (6144K)
 Metaspace       used 109060K, committed 110336K, reserved 770048K
  class space    used 15129K, committed 15744K, reserved 638976K
}
Event: 138.667 GC heap before
{Heap before GC invocations=24 (full 0):
 garbage-first heap   total 262144K, used 216380K [0x0000000080000000, 0x0000000100000000)
  region size 1024K, 95 young (97280K), 6 survivors (6144K)
 Metaspace       used 114322K, committed 115648K, reserved 770048K
  class space    used 15955K, committed 16576K, reserved 638976K
}
Event: 138.673 GC heap after
{Heap after GC invocations=25 (full 0):
 garbage-first heap   total 262144K, used 126775K [0x0000000080000000, 0x0000000100000000)
  region size 1024K, 8 young (8192K), 8 survivors (8192K)
 Metaspace       used 114322K, committed 115648K, reserved 770048K
  class space    used 15955K, committed 16576K, reserved 638976K
}
Event: 138.717 GC heap before
{Heap before GC invocations=25 (full 0):
 garbage-first heap   total 262144K, used 130871K [0x0000000080000000, 0x0000000100000000)
  region size 1024K, 12 young (12288K), 8 survivors (8192K)
 Metaspace       used 114571K, committed 115840K, reserved 770048K
  class space    used 15984K, committed 16576K, reserved 638976K
}
Event: 138.723 GC heap after
{Heap after GC invocations=26 (full 0):
 garbage-first heap   total 262144K, used 126253K [0x0000000080000000, 0x0000000100000000)
  region size 1024K, 1 young (1024K), 1 survivors (1024K)
 Metaspace       used 114571K, committed 115840K, reserved 770048K
  class space    used 15984K, committed 16576K, reserved 638976K
}
Event: 140.064 GC heap before
{Heap before GC invocations=26 (full 0):
 garbage-first heap   total 262144K, used 218413K [0x0000000080000000, 0x0000000100000000)
  region size 1024K, 91 young (93184K), 1 survivors (1024K)
 Metaspace       used 118322K, committed 119680K, reserved 770048K
  class space    used 16485K, committed 17152K, reserved 638976K
}
Event: 140.072 GC heap after
{Heap after GC invocations=27 (full 0):
 garbage-first heap   total 262144K, used 133696K [0x0000000080000000, 0x0000000100000000)
  region size 1024K, 9 young (9216K), 9 survivors (9216K)
 Metaspace       used 118322K, committed 119680K, reserved 770048K
  class space    used 16485K, committed 17152K, reserved 638976K
}
Event: 142.062 GC heap before
{Heap before GC invocations=28 (full 0):
 garbage-first heap   total 262144K, used 216640K [0x0000000080000000, 0x0000000100000000)
  region size 1024K, 90 young (92160K), 9 survivors (9216K)
 Metaspace       used 123293K, committed 124736K, reserved 770048K
  class space    used 17204K, committed 17920K, reserved 638976K
}
Event: 142.074 GC heap after
{Heap after GC invocations=29 (full 0):
 garbage-first heap   total 262144K, used 140889K [0x0000000080000000, 0x0000000100000000)
  region size 1024K, 7 young (7168K), 7 survivors (7168K)
 Metaspace       used 123293K, committed 124736K, reserved 770048K
  class space    used 17204K, committed 17920K, reserved 638976K
}
Event: 142.289 GC heap before
{Heap before GC invocations=29 (full 0):
 garbage-first heap   total 262144K, used 144985K [0x0000000080000000, 0x0000000100000000)
  region size 1024K, 12 young (12288K), 7 survivors (7168K)
 Metaspace       used 123450K, committed 124864K, reserved 770048K
  class space    used 17223K, committed 17920K, reserved 638976K
}
Event: 142.296 GC heap after
{Heap after GC invocations=30 (full 0):
 garbage-first heap   total 262144K, used 142296K [0x0000000080000000, 0x0000000100000000)
  region size 1024K, 2 young (2048K), 2 survivors (2048K)
 Metaspace       used 123450K, committed 124864K, reserved 770048K
  class space    used 17223K, committed 17920K, reserved 638976K
}
Event: 145.303 GC heap before
{Heap before GC invocations=30 (full 0):
 garbage-first heap   total 262144K, used 222168K [0x0000000080000000, 0x0000000100000000)
  region size 1024K, 76 young (77824K), 2 survivors (2048K)
 Metaspace       used 125877K, committed 127360K, reserved 770048K
  class space    used 17534K, committed 18240K, reserved 638976K
}
Event: 145.310 GC heap after
{Heap after GC invocations=31 (full 0):
 garbage-first heap   total 262144K, used 149566K [0x0000000080000000, 0x0000000100000000)
  region size 1024K, 10 young (10240K), 10 survivors (10240K)
 Metaspace       used 125877K, committed 127360K, reserved 770048K
  class space    used 17534K, committed 18240K, reserved 638976K
}
Event: 146.353 GC heap before
{Heap before GC invocations=32 (full 0):
 garbage-first heap   total 262144K, used 215102K [0x0000000080000000, 0x0000000100000000)
  region size 1024K, 74 young (75776K), 10 survivors (10240K)
 Metaspace       used 126965K, committed 128576K, reserved 770048K
  class space    used 17697K, committed 18496K, reserved 638976K
}
Event: 146.362 GC heap after
{Heap after GC invocations=33 (full 0):
 garbage-first heap   total 262144K, used 155823K [0x0000000080000000, 0x0000000100000000)
  region size 1024K, 7 young (7168K), 7 survivors (7168K)
 Metaspace       used 126965K, committed 128576K, reserved 770048K
  class space    used 17697K, committed 18496K, reserved 638976K
}
Event: 146.374 GC heap before
{Heap before GC invocations=33 (full 0):
 garbage-first heap   total 262144K, used 160943K [0x0000000080000000, 0x0000000100000000)
  region size 1024K, 12 young (12288K), 7 survivors (7168K)
 Metaspace       used 126966K, committed 128576K, reserved 770048K
  class space    used 17697K, committed 18496K, reserved 638976K
}
Event: 146.379 GC heap after
{Heap after GC invocations=34 (full 0):
 garbage-first heap   total 262144K, used 156290K [0x0000000080000000, 0x0000000100000000)
  region size 1024K, 2 young (2048K), 2 survivors (2048K)
 Metaspace       used 126966K, committed 128576K, reserved 770048K
  class space    used 17697K, committed 18496K, reserved 638976K
}
Event: 159.196 GC heap before
{Heap before GC invocations=34 (full 0):
 garbage-first heap   total 262144K, used 215682K [0x0000000080000000, 0x0000000100000000)
  region size 1024K, 60 young (61440K), 2 survivors (2048K)
 Metaspace       used 128757K, committed 130368K, reserved 770048K
  class space    used 17843K, committed 18624K, reserved 638976K
}

