# JRE version: Java(TM) SE Runtime Environment (17.0.12+8) (build 17.0.12+8-LTS-286)
# Java VM: Java HotSpot(TM) 64-Bit Server VM (17.0.12+8-LTS-286, mixed mode, sharing, tiered, compressed oops, compressed class ptrs, g1 gc, windows-amd64)
GC Precious Log:
 CPUs: 12 total, 12 available
 Memory: 7863M
 Large Page Support: Disabled
 NUMA Support: Disabled
 Compressed Oops: Enabled (32-bit)
 Heap Region Size: 1M
 Heap Min Capacity: 256M
 Heap Initial Capacity: 256M
 Heap Max Capacity: 1G
 Pre-touch: Disabled
 Parallel Workers: 10
 Concurrent Workers: 3
 Concurrent Refinement Workers: 10
 Periodic GC: Disabled
Heap:
 garbage-first heap   total 399360K, used 318512K [0x00000000c0000000, 0x0000000100000000)
  region size 1024K, 57 young (58368K), 9 survivors (9216K)
 Metaspace       used 128074K, committed 130368K, reserved 344064K
  class space    used 17670K, committed 18752K, reserved 212992K
GC Heap History (20 events):
Event: 48.901 GC heap before
{Heap before GC invocations=48 (full 0):
 garbage-first heap   total 399360K, used 331183K [0x00000000c0000000, 0x0000000100000000)
  region size 1024K, 88 young (90112K), 6 survivors (6144K)
 Metaspace       used 123563K, committed 125760K, reserved 344064K
  class space    used 17233K, committed 18304K, reserved 212992K
}
Event: 48.905 GC heap after
{Heap after GC invocations=49 (full 0):
 garbage-first heap   total 399360K, used 248386K [0x00000000c0000000, 0x0000000100000000)
  region size 1024K, 7 young (7168K), 7 survivors (7168K)
 Metaspace       used 123563K, committed 125760K, reserved 344064K
  class space    used 17233K, committed 18304K, reserved 212992K
}
Event: 49.377 GC heap before
{Heap before GC invocations=49 (full 0):
 garbage-first heap   total 399360K, used 334402K [0x00000000c0000000, 0x0000000100000000)
  region size 1024K, 91 young (93184K), 7 survivors (7168K)
 Metaspace       used 123563K, committed 125760K, reserved 344064K
  class space    used 17233K, committed 18304K, reserved 212992K
}
Event: 49.382 GC heap after
{Heap after GC invocations=50 (full 0):
 garbage-first heap   total 399360K, used 249997K [0x00000000c0000000, 0x0000000100000000)
  region size 1024K, 8 young (8192K), 8 survivors (8192K)
 Metaspace       used 123563K, committed 125760K, reserved 344064K
  class space    used 17233K, committed 18304K, reserved 212992K
}
Event: 50.512 GC heap before
{Heap before GC invocations=50 (full 0):
 garbage-first heap   total 399360K, used 337037K [0x00000000c0000000, 0x0000000100000000)
  region size 1024K, 94 young (96256K), 8 survivors (8192K)
 Metaspace       used 123744K, committed 125888K, reserved 344064K
  class space    used 17251K, committed 18304K, reserved 212992K
}
Event: 50.522 GC heap after
{Heap after GC invocations=51 (full 0):
 garbage-first heap   total 399360K, used 254094K [0x00000000c0000000, 0x0000000100000000)
  region size 1024K, 10 young (10240K), 10 survivors (10240K)
 Metaspace       used 123744K, committed 125888K, reserved 344064K
  class space    used 17251K, committed 18304K, reserved 212992K
}
Event: 51.323 GC heap before
{Heap before GC invocations=51 (full 0):
 garbage-first heap   total 399360K, used 338062K [0x00000000c0000000, 0x0000000100000000)
  region size 1024K, 93 young (95232K), 10 survivors (10240K)
 Metaspace       used 123893K, committed 126144K, reserved 344064K
  class space    used 17269K, committed 18368K, reserved 212992K
}
Event: 51.333 GC heap after
{Heap after GC invocations=52 (full 0):
 garbage-first heap   total 399360K, used 256551K [0x00000000c0000000, 0x0000000100000000)
  region size 1024K, 9 young (9216K), 9 survivors (9216K)
 Metaspace       used 123893K, committed 126144K, reserved 344064K
  class space    used 17269K, committed 18368K, reserved 212992K
}
Event: 52.181 GC heap before
{Heap before GC invocations=52 (full 0):
 garbage-first heap   total 399360K, used 339495K [0x00000000c0000000, 0x0000000100000000)
  region size 1024K, 91 young (93184K), 9 survivors (9216K)
 Metaspace       used 124099K, committed 126336K, reserved 344064K
  class space    used 17292K, committed 18368K, reserved 212992K
}
Event: 52.190 GC heap after
{Heap after GC invocations=53 (full 0):
 garbage-first heap   total 399360K, used 259915K [0x00000000c0000000, 0x0000000100000000)
  region size 1024K, 8 young (8192K), 8 survivors (8192K)
 Metaspace       used 124099K, committed 126336K, reserved 344064K
  class space    used 17292K, committed 18368K, reserved 212992K
}
Event: 53.222 GC heap before
{Heap before GC invocations=53 (full 0):
 garbage-first heap   total 399360K, used 340811K [0x00000000c0000000, 0x0000000100000000)
  region size 1024K, 88 young (90112K), 8 survivors (8192K)
 Metaspace       used 124234K, committed 126528K, reserved 344064K
  class space    used 17297K, committed 18432K, reserved 212992K
}
Event: 53.230 GC heap after
{Heap after GC invocations=54 (full 0):
 garbage-first heap   total 399360K, used 262888K [0x00000000c0000000, 0x0000000100000000)
  region size 1024K, 9 young (9216K), 9 survivors (9216K)
 Metaspace       used 124234K, committed 126528K, reserved 344064K
  class space    used 17297K, committed 18432K, reserved 212992K
}
Event: 53.777 GC heap before
{Heap before GC invocations=54 (full 0):
 garbage-first heap   total 399360K, used 339688K [0x00000000c0000000, 0x0000000100000000)
  region size 1024K, 85 young (87040K), 9 survivors (9216K)
 Metaspace       used 124319K, committed 126656K, reserved 344064K
  class space    used 17305K, committed 18432K, reserved 212992K
}
Event: 53.786 GC heap after
{Heap after GC invocations=55 (full 0):
 garbage-first heap   total 399360K, used 265089K [0x00000000c0000000, 0x0000000100000000)
  region size 1024K, 8 young (8192K), 8 survivors (8192K)
 Metaspace       used 124319K, committed 126656K, reserved 344064K
  class space    used 17305K, committed 18432K, reserved 212992K
}
Event: 54.235 GC heap before
{Heap before GC invocations=55 (full 0):
 garbage-first heap   total 399360K, used 340865K [0x00000000c0000000, 0x0000000100000000)
  region size 1024K, 83 young (84992K), 8 survivors (8192K)
 Metaspace       used 124336K, committed 126656K, reserved 344064K
  class space    used 17306K, committed 18432K, reserved 212992K
}
Event: 54.242 GC heap after
{Heap after GC invocations=56 (full 0):
 garbage-first heap   total 399360K, used 266731K [0x00000000c0000000, 0x0000000100000000)
  region size 1024K, 6 young (6144K), 6 survivors (6144K)
 Metaspace       used 124336K, committed 126656K, reserved 344064K
  class space    used 17306K, committed 18432K, reserved 212992K
}
Event: 54.581 GC heap before
{Heap before GC invocations=56 (full 0):
 garbage-first heap   total 399360K, used 342507K [0x00000000c0000000, 0x0000000100000000)
  region size 1024K, 81 young (82944K), 6 survivors (6144K)
 Metaspace       used 124339K, committed 126656K, reserved 344064K
  class space    used 17306K, committed 18432K, reserved 212992K
}
Event: 54.588 GC heap after
{Heap after GC invocations=57 (full 0):
 garbage-first heap   total 399360K, used 268181K [0x00000000c0000000, 0x0000000100000000)
  region size 1024K, 8 young (8192K), 8 survivors (8192K)
 Metaspace       used 124339K, committed 126656K, reserved 344064K
  class space    used 17306K, committed 18432K, reserved 212992K
}
Event: 55.329 GC heap before
{Heap before GC invocations=57 (full 0):
 garbage-first heap   total 399360K, used 348053K [0x00000000c0000000, 0x0000000100000000)
  region size 1024K, 82 young (83968K), 8 survivors (8192K)
 Metaspace       used 126390K, committed 128640K, reserved 344064K
  class space    used 17466K, committed 18560K, reserved 212992K
}
Event: 55.337 GC heap after
{Heap after GC invocations=58 (full 0):
 garbage-first heap   total 399360K, used 271408K [0x00000000c0000000, 0x0000000100000000)
  region size 1024K, 9 young (9216K), 9 survivors (9216K)
 Metaspace       used 126390K, committed 128640K, reserved 344064K
  class space    used 17466K, committed 18560K, reserved 212992K
}

