# JRE version: Java(TM) SE Runtime Environment (17.0.12+8) (build 17.0.12+8-LTS-286)
# Java VM: Java HotSpot(TM) 64-Bit Server VM (17.0.12+8-LTS-286, mixed mode, sharing, tiered, compressed oops, compressed class ptrs, serial gc, windows-amd64)
GC Precious Log:
 CPUs: 12 total, 12 available
 Memory: 7863M
 Large Page Support: Disabled
 NUMA Support: Disabled
 Compressed Oops: Enabled (Zero based)
 Heap Min Capacity: 128M
 Heap Initial Capacity: 128M
 Heap Max Capacity: 1G
 Pre-touch: Disabled
Heap:
 def new generation   total 314560K, used 214345K [0x0000000100000000, 0x0000000115550000, 0x0000000115550000)
  eden space 279616K,  64% used [0x0000000100000000, 0x000000010af32620, 0x0000000111110000)
  from space 34944K, 100% used [0x0000000113330000, 0x0000000115550000, 0x0000000115550000)
  to   space 34944K,   0% used [0x0000000111110000, 0x0000000111110000, 0x0000000113330000)
 tenured generation   total 699072K, used 619924K [0x0000000115550000, 0x0000000140000000, 0x0000000140000000)
   the space 699072K,  88% used [0x0000000115550000, 0x000000013b2b5068, 0x000000013b2b5200, 0x0000000140000000)
 Metaspace       used 185971K, committed 188864K, reserved 622592K
  class space    used 24394K, committed 25792K, reserved 425984K
GC Heap History (20 events):
Event: 507.128 GC heap before
{Heap before GC invocations=95 (full 8):
 def new generation   total 314560K, used 293883K [0x0000000100000000, 0x0000000115550000, 0x0000000115550000)
  eden space 279616K, 100% used [0x0000000100000000, 0x0000000111110000, 0x0000000111110000)
  from space 34944K,  40% used [0x0000000113330000, 0x000000011411eef0, 0x0000000115550000)
  to   space 34944K,   0% used [0x0000000111110000, 0x0000000111110000, 0x0000000113330000)
 tenured generation   total 699072K, used 499677K [0x0000000115550000, 0x0000000140000000, 0x0000000140000000)
   the space 699072K,  71% used [0x0000000115550000, 0x0000000133d47638, 0x0000000133d47800, 0x0000000140000000)
 Metaspace       used 177825K, committed 181184K, reserved 622592K
  class space    used 23471K, committed 24896K, reserved 425984K
}
Event: 507.162 GC heap after
{Heap after GC invocations=96 (full 8):
 def new generation   total 314560K, used 19243K [0x0000000100000000, 0x0000000115550000, 0x0000000115550000)
  eden space 279616K,   0% used [0x0000000100000000, 0x0000000100000000, 0x0000000111110000)
  from space 34944K,  55% used [0x0000000111110000, 0x00000001123daea0, 0x0000000113330000)
  to   space 34944K,   0% used [0x0000000113330000, 0x0000000113330000, 0x0000000115550000)
 tenured generation   total 699072K, used 499677K [0x0000000115550000, 0x0000000140000000, 0x0000000140000000)
   the space 699072K,  71% used [0x0000000115550000, 0x0000000133d47638, 0x0000000133d47800, 0x0000000140000000)
 Metaspace       used 177825K, committed 181184K, reserved 622592K
  class space    used 23471K, committed 24896K, reserved 425984K
}
Event: 507.781 GC heap before
{Heap before GC invocations=96 (full 8):
 def new generation   total 314560K, used 298859K [0x0000000100000000, 0x0000000115550000, 0x0000000115550000)
  eden space 279616K, 100% used [0x0000000100000000, 0x0000000111110000, 0x0000000111110000)
  from space 34944K,  55% used [0x0000000111110000, 0x00000001123daea0, 0x0000000113330000)
  to   space 34944K,   0% used [0x0000000113330000, 0x0000000113330000, 0x0000000115550000)
 tenured generation   total 699072K, used 499677K [0x0000000115550000, 0x0000000140000000, 0x0000000140000000)
   the space 699072K,  71% used [0x0000000115550000, 0x0000000133d47638, 0x0000000133d47800, 0x0000000140000000)
 Metaspace       used 177861K, committed 181184K, reserved 622592K
  class space    used 23471K, committed 24896K, reserved 425984K
}
Event: 507.813 GC heap after
{Heap after GC invocations=97 (full 8):
 def new generation   total 314560K, used 6831K [0x0000000100000000, 0x0000000115550000, 0x0000000115550000)
  eden space 279616K,   0% used [0x0000000100000000, 0x0000000100000000, 0x0000000111110000)
  from space 34944K,  19% used [0x0000000113330000, 0x00000001139dbee8, 0x0000000115550000)
  to   space 34944K,   0% used [0x0000000111110000, 0x0000000111110000, 0x0000000113330000)
 tenured generation   total 699072K, used 510480K [0x0000000115550000, 0x0000000140000000, 0x0000000140000000)
   the space 699072K,  73% used [0x0000000115550000, 0x00000001347d43b8, 0x00000001347d4400, 0x0000000140000000)
 Metaspace       used 177861K, committed 181184K, reserved 622592K
  class space    used 23471K, committed 24896K, reserved 425984K
}
Event: 517.843 GC heap before
{Heap before GC invocations=97 (full 8):
 def new generation   total 314560K, used 286447K [0x0000000100000000, 0x0000000115550000, 0x0000000115550000)
  eden space 279616K, 100% used [0x0000000100000000, 0x0000000111110000, 0x0000000111110000)
  from space 34944K,  19% used [0x0000000113330000, 0x00000001139dbee8, 0x0000000115550000)
  to   space 34944K,   0% used [0x0000000111110000, 0x0000000111110000, 0x0000000113330000)
 tenured generation   total 699072K, used 510480K [0x0000000115550000, 0x0000000140000000, 0x0000000140000000)
   the space 699072K,  73% used [0x0000000115550000, 0x00000001347d43b8, 0x00000001347d4400, 0x0000000140000000)
 Metaspace       used 177937K, committed 181184K, reserved 622592K
  class space    used 23472K, committed 24896K, reserved 425984K
}
Event: 517.853 GC heap after
{Heap after GC invocations=98 (full 8):
 def new generation   total 314560K, used 3368K [0x0000000100000000, 0x0000000115550000, 0x0000000115550000)
  eden space 279616K,   0% used [0x0000000100000000, 0x0000000100000000, 0x0000000111110000)
  from space 34944K,   9% used [0x0000000111110000, 0x000000011145a338, 0x0000000113330000)
  to   space 34944K,   0% used [0x0000000113330000, 0x0000000113330000, 0x0000000115550000)
 tenured generation   total 699072K, used 510480K [0x0000000115550000, 0x0000000140000000, 0x0000000140000000)
   the space 699072K,  73% used [0x0000000115550000, 0x00000001347d43b8, 0x00000001347d4400, 0x0000000140000000)
 Metaspace       used 177937K, committed 181184K, reserved 622592K
  class space    used 23472K, committed 24896K, reserved 425984K
}
Event: 522.542 GC heap before
{Heap before GC invocations=98 (full 8):
 def new generation   total 314560K, used 282984K [0x0000000100000000, 0x0000000115550000, 0x0000000115550000)
  eden space 279616K, 100% used [0x0000000100000000, 0x0000000111110000, 0x0000000111110000)
  from space 34944K,   9% used [0x0000000111110000, 0x000000011145a338, 0x0000000113330000)
  to   space 34944K,   0% used [0x0000000113330000, 0x0000000113330000, 0x0000000115550000)
 tenured generation   total 699072K, used 510480K [0x0000000115550000, 0x0000000140000000, 0x0000000140000000)
   the space 699072K,  73% used [0x0000000115550000, 0x00000001347d43b8, 0x00000001347d4400, 0x0000000140000000)
 Metaspace       used 177954K, committed 181184K, reserved 622592K
  class space    used 23472K, committed 24896K, reserved 425984K
}
Event: 522.597 GC heap after
{Heap after GC invocations=99 (full 8):
 def new generation   total 314560K, used 12081K [0x0000000100000000, 0x0000000115550000, 0x0000000115550000)
  eden space 279616K,   0% used [0x0000000100000000, 0x0000000100000000, 0x0000000111110000)
  from space 34944K,  34% used [0x0000000113330000, 0x0000000113efc490, 0x0000000115550000)
  to   space 34944K,   0% used [0x0000000111110000, 0x0000000111110000, 0x0000000113330000)
 tenured generation   total 699072K, used 510480K [0x0000000115550000, 0x0000000140000000, 0x0000000140000000)
   the space 699072K,  73% used [0x0000000115550000, 0x00000001347d43b8, 0x00000001347d4400, 0x0000000140000000)
 Metaspace       used 177954K, committed 181184K, reserved 622592K
  class space    used 23472K, committed 24896K, reserved 425984K
}
Event: 523.954 GC heap before
{Heap before GC invocations=99 (full 8):
 def new generation   total 314560K, used 291697K [0x0000000100000000, 0x0000000115550000, 0x0000000115550000)
  eden space 279616K, 100% used [0x0000000100000000, 0x0000000111110000, 0x0000000111110000)
  from space 34944K,  34% used [0x0000000113330000, 0x0000000113efc490, 0x0000000115550000)
  to   space 34944K,   0% used [0x0000000111110000, 0x0000000111110000, 0x0000000113330000)
 tenured generation   total 699072K, used 510480K [0x0000000115550000, 0x0000000140000000, 0x0000000140000000)
   the space 699072K,  73% used [0x0000000115550000, 0x00000001347d43b8, 0x00000001347d4400, 0x0000000140000000)
 Metaspace       used 177973K, committed 181184K, reserved 622592K
  class space    used 23472K, committed 24896K, reserved 425984K
}
Event: 523.982 GC heap after
{Heap after GC invocations=100 (full 8):
 def new generation   total 314560K, used 10375K [0x0000000100000000, 0x0000000115550000, 0x0000000115550000)
  eden space 279616K,   0% used [0x0000000100000000, 0x0000000100000000, 0x0000000111110000)
  from space 34944K,  29% used [0x0000000111110000, 0x0000000111b31f48, 0x0000000113330000)
  to   space 34944K,   0% used [0x0000000113330000, 0x0000000113330000, 0x0000000115550000)
 tenured generation   total 699072K, used 510480K [0x0000000115550000, 0x0000000140000000, 0x0000000140000000)
   the space 699072K,  73% used [0x0000000115550000, 0x00000001347d43b8, 0x00000001347d4400, 0x0000000140000000)
 Metaspace       used 177973K, committed 181184K, reserved 622592K
  class space    used 23472K, committed 24896K, reserved 425984K
}
Event: 538.356 GC heap before
{Heap before GC invocations=100 (full 8):
 def new generation   total 314560K, used 289991K [0x0000000100000000, 0x0000000115550000, 0x0000000115550000)
  eden space 279616K, 100% used [0x0000000100000000, 0x0000000111110000, 0x0000000111110000)
  from space 34944K,  29% used [0x0000000111110000, 0x0000000111b31f48, 0x0000000113330000)
  to   space 34944K,   0% used [0x0000000113330000, 0x0000000113330000, 0x0000000115550000)
 tenured generation   total 699072K, used 510480K [0x0000000115550000, 0x0000000140000000, 0x0000000140000000)
   the space 699072K,  73% used [0x0000000115550000, 0x00000001347d43b8, 0x00000001347d4400, 0x0000000140000000)
 Metaspace       used 177991K, committed 181184K, reserved 622592K
  class space    used 23472K, committed 24896K, reserved 425984K
}
Event: 538.382 GC heap after
{Heap after GC invocations=101 (full 8):
 def new generation   total 314560K, used 12054K [0x0000000100000000, 0x0000000115550000, 0x0000000115550000)
  eden space 279616K,   0% used [0x0000000100000000, 0x0000000100000000, 0x0000000111110000)
  from space 34944K,  34% used [0x0000000113330000, 0x0000000113ef5818, 0x0000000115550000)
  to   space 34944K,   0% used [0x0000000111110000, 0x0000000111110000, 0x0000000113330000)
 tenured generation   total 699072K, used 510480K [0x0000000115550000, 0x0000000140000000, 0x0000000140000000)
   the space 699072K,  73% used [0x0000000115550000, 0x00000001347d43b8, 0x00000001347d4400, 0x0000000140000000)
 Metaspace       used 177991K, committed 181184K, reserved 622592K
  class space    used 23472K, committed 24896K, reserved 425984K
}
Event: 565.623 GC heap before
{Heap before GC invocations=101 (full 8):
 def new generation   total 314560K, used 291670K [0x0000000100000000, 0x0000000115550000, 0x0000000115550000)
  eden space 279616K, 100% used [0x0000000100000000, 0x0000000111110000, 0x0000000111110000)
  from space 34944K,  34% used [0x0000000113330000, 0x0000000113ef5818, 0x0000000115550000)
  to   space 34944K,   0% used [0x0000000111110000, 0x0000000111110000, 0x0000000113330000)
 tenured generation   total 699072K, used 510480K [0x0000000115550000, 0x0000000140000000, 0x0000000140000000)
   the space 699072K,  73% used [0x0000000115550000, 0x00000001347d43b8, 0x00000001347d4400, 0x0000000140000000)
 Metaspace       used 180563K, committed 183360K, reserved 622592K
  class space    used 23783K, committed 25152K, reserved 425984K
}
Event: 565.644 GC heap after
{Heap after GC invocations=102 (full 8):
 def new generation   total 314560K, used 8230K [0x0000000100000000, 0x0000000115550000, 0x0000000115550000)
  eden space 279616K,   0% used [0x0000000100000000, 0x0000000100000000, 0x0000000111110000)
  from space 34944K,  23% used [0x0000000111110000, 0x0000000111919928, 0x0000000113330000)
  to   space 34944K,   0% used [0x0000000113330000, 0x0000000113330000, 0x0000000115550000)
 tenured generation   total 699072K, used 510480K [0x0000000115550000, 0x0000000140000000, 0x0000000140000000)
   the space 699072K,  73% used [0x0000000115550000, 0x00000001347d43b8, 0x00000001347d4400, 0x0000000140000000)
 Metaspace       used 180563K, committed 183360K, reserved 622592K
  class space    used 23783K, committed 25152K, reserved 425984K
}
Event: 1250.157 GC heap before
{Heap before GC invocations=102 (full 8):
 def new generation   total 314560K, used 287460K [0x0000000100000000, 0x0000000115550000, 0x0000000115550000)
  eden space 279616K,  99% used [0x0000000100000000, 0x00000001110af7e8, 0x0000000111110000)
  from space 34944K,  23% used [0x0000000111110000, 0x0000000111919928, 0x0000000113330000)
  to   space 34944K,   0% used [0x0000000113330000, 0x0000000113330000, 0x0000000115550000)
 tenured generation   total 699072K, used 510480K [0x0000000115550000, 0x0000000140000000, 0x0000000140000000)
   the space 699072K,  73% used [0x0000000115550000, 0x00000001347d43b8, 0x00000001347d4400, 0x0000000140000000)
 Metaspace       used 182434K, committed 185280K, reserved 622592K
  class space    used 23999K, committed 25344K, reserved 425984K
}
Event: 1250.724 GC heap after
{Heap after GC invocations=103 (full 8):
 def new generation   total 314560K, used 34943K [0x0000000100000000, 0x0000000115550000, 0x0000000115550000)
  eden space 279616K,   0% used [0x0000000100000000, 0x0000000100000000, 0x0000000111110000)
  from space 34944K,  99% used [0x0000000113330000, 0x000000011554fff8, 0x0000000115550000)
  to   space 34944K,   0% used [0x0000000111110000, 0x0000000111110000, 0x0000000113330000)
 tenured generation   total 699072K, used 595043K [0x0000000115550000, 0x0000000140000000, 0x0000000140000000)
   the space 699072K,  85% used [0x0000000115550000, 0x0000000139a68e40, 0x0000000139a69000, 0x0000000140000000)
 Metaspace       used 182434K, committed 185280K, reserved 622592K
  class space    used 23999K, committed 25344K, reserved 425984K
}
Event: 3775.120 GC heap before
{Heap before GC invocations=103 (full 8):
 def new generation   total 314560K, used 314559K [0x0000000100000000, 0x0000000115550000, 0x0000000115550000)
  eden space 279616K, 100% used [0x0000000100000000, 0x0000000111110000, 0x0000000111110000)
  from space 34944K,  99% used [0x0000000113330000, 0x000000011554fff8, 0x0000000115550000)
  to   space 34944K,   0% used [0x0000000111110000, 0x0000000111110000, 0x0000000113330000)
 tenured generation   total 699072K, used 595043K [0x0000000115550000, 0x0000000140000000, 0x0000000140000000)
   the space 699072K,  85% used [0x0000000115550000, 0x0000000139a68e40, 0x0000000139a69000, 0x0000000140000000)
 Metaspace       used 185070K, committed 187968K, reserved 622592K
  class space    used 24350K, committed 25728K, reserved 425984K
}
Event: 3775.715 GC heap after
{Heap after GC invocations=104 (full 8):
 def new generation   total 314560K, used 12921K [0x0000000100000000, 0x0000000115550000, 0x0000000115550000)
  eden space 279616K,   0% used [0x0000000100000000, 0x0000000100000000, 0x0000000111110000)
  from space 34944K,  36% used [0x0000000111110000, 0x0000000111dae7c0, 0x0000000113330000)
  to   space 34944K,   0% used [0x0000000113330000, 0x0000000113330000, 0x0000000115550000)
 tenured generation   total 699072K, used 600026K [0x0000000115550000, 0x0000000140000000, 0x0000000140000000)
   the space 699072K,  85% used [0x0000000115550000, 0x0000000139f46af8, 0x0000000139f46c00, 0x0000000140000000)
 Metaspace       used 185070K, committed 187968K, reserved 622592K
  class space    used 24350K, committed 25728K, reserved 425984K
}
Event: 3781.984 GC heap before
{Heap before GC invocations=104 (full 8):
 def new generation   total 314560K, used 292537K [0x0000000100000000, 0x0000000115550000, 0x0000000115550000)
  eden space 279616K, 100% used [0x0000000100000000, 0x0000000111110000, 0x0000000111110000)
  from space 34944K,  36% used [0x0000000111110000, 0x0000000111dae7c0, 0x0000000113330000)
  to   space 34944K,   0% used [0x0000000113330000, 0x0000000113330000, 0x0000000115550000)
 tenured generation   total 699072K, used 600026K [0x0000000115550000, 0x0000000140000000, 0x0000000140000000)
   the space 699072K,  85% used [0x0000000115550000, 0x0000000139f46af8, 0x0000000139f46c00, 0x0000000140000000)
 Metaspace       used 185671K, committed 188608K, reserved 622592K
  class space    used 24380K, committed 25792K, reserved 425984K
}
Event: 3782.266 GC heap after
{Heap after GC invocations=105 (full 8):
 def new generation   total 314560K, used 34944K [0x0000000100000000, 0x0000000115550000, 0x0000000115550000)
  eden space 279616K,   0% used [0x0000000100000000, 0x0000000100000000, 0x0000000111110000)
  from space 34944K, 100% used [0x0000000113330000, 0x0000000115550000, 0x0000000115550000)
  to   space 34944K,   0% used [0x0000000111110000, 0x0000000111110000, 0x0000000113330000)
 tenured generation   total 699072K, used 619924K [0x0000000115550000, 0x0000000140000000, 0x0000000140000000)
   the space 699072K,  88% used [0x0000000115550000, 0x000000013b2b5068, 0x000000013b2b5200, 0x0000000140000000)
 Metaspace       used 185671K, committed 188608K, reserved 622592K
  class space    used 24380K, committed 25792K, reserved 425984K
}

