# JRE version: Java(TM) SE Runtime Environment (17.0.12+8) (build 17.0.12+8-LTS-286)
# Java VM: Java HotSpot(TM) 64-Bit Server VM (17.0.12+8-LTS-286, mixed mode, sharing, tiered, compressed oops, compressed class ptrs, g1 gc, windows-amd64)
GC Precious Log:
 CPUs: 12 total, 12 available
 Memory: 7863M
 Large Page Support: Disabled
 NUMA Support: Disabled
 Compressed Oops: Enabled (Zero based)
 Heap Region Size: 2M
 Heap Min Capacity: 512M
 Heap Initial Capacity: 512M
 Heap Max Capacity: 3G
 Pre-touch: Disabled
 Parallel Workers: 10
 Concurrent Workers: 3
 Concurrent Refinement Workers: 10
 Periodic GC: Disabled
Heap:
 garbage-first heap   total 524288K, used 387999K [0x0000000740000000, 0x0000000800000000)
  region size 2048K, 85 young (174080K), 14 survivors (28672K)
 Metaspace       used 118513K, committed 120704K, reserved 557056K
  class space    used 16588K, committed 17600K, reserved 425984K
GC Heap History (20 events):
Event: 34.549 GC heap before
{Heap before GC invocations=10 (full 0):
 garbage-first heap   total 524288K, used 343438K [0x0000000740000000, 0x0000000800000000)
  region size 2048K, 153 young (313344K), 11 survivors (22528K)
 Metaspace       used 71568K, committed 72640K, reserved 491520K
  class space    used 10281K, committed 10816K, reserved 425984K
}
Event: 34.575 GC heap after
{Heap after GC invocations=11 (full 0):
 garbage-first heap   total 524288K, used 71264K [0x0000000740000000, 0x0000000800000000)
  region size 2048K, 20 young (40960K), 20 survivors (40960K)
 Metaspace       used 71568K, committed 72640K, reserved 491520K
  class space    used 10281K, committed 10816K, reserved 425984K
}
Event: 43.401 GC heap before
{Heap before GC invocations=11 (full 0):
 garbage-first heap   total 524288K, used 341600K [0x0000000740000000, 0x0000000800000000)
  region size 2048K, 153 young (313344K), 20 survivors (40960K)
 Metaspace       used 78678K, committed 79808K, reserved 557056K
  class space    used 11127K, committed 11648K, reserved 425984K
}
Event: 43.435 GC heap after
{Heap after GC invocations=12 (full 0):
 garbage-first heap   total 524288K, used 89900K [0x0000000740000000, 0x0000000800000000)
  region size 2048K, 20 young (40960K), 20 survivors (40960K)
 Metaspace       used 78678K, committed 79808K, reserved 557056K
  class space    used 11127K, committed 11648K, reserved 425984K
}
Event: 48.472 GC heap before
{Heap before GC invocations=12 (full 0):
 garbage-first heap   total 524288K, used 366380K [0x0000000740000000, 0x0000000800000000)
  region size 2048K, 153 young (313344K), 20 survivors (40960K)
 Metaspace       used 93523K, committed 94720K, reserved 557056K
  class space    used 13135K, committed 13696K, reserved 425984K
}
Event: 48.497 GC heap after
{Heap after GC invocations=13 (full 0):
 garbage-first heap   total 524288K, used 108194K [0x0000000740000000, 0x0000000800000000)
  region size 2048K, 19 young (38912K), 19 survivors (38912K)
 Metaspace       used 93523K, committed 94720K, reserved 557056K
  class space    used 13135K, committed 13696K, reserved 425984K
}
Event: 50.269 GC heap before
{Heap before GC invocations=13 (full 0):
 garbage-first heap   total 524288K, used 200354K [0x0000000740000000, 0x0000000800000000)
  region size 2048K, 65 young (133120K), 19 survivors (38912K)
 Metaspace       used 99067K, committed 100288K, reserved 557056K
  class space    used 13967K, committed 14592K, reserved 425984K
}
Event: 50.292 GC heap after
{Heap after GC invocations=14 (full 0):
 garbage-first heap   total 524288K, used 111914K [0x0000000740000000, 0x0000000800000000)
  region size 2048K, 10 young (20480K), 10 survivors (20480K)
 Metaspace       used 99067K, committed 100288K, reserved 557056K
  class space    used 13967K, committed 14592K, reserved 425984K
}
Event: 56.956 GC heap before
{Heap before GC invocations=15 (full 0):
 garbage-first heap   total 524288K, used 408874K [0x0000000740000000, 0x0000000800000000)
  region size 2048K, 153 young (313344K), 10 survivors (20480K)
 Metaspace       used 105325K, committed 106944K, reserved 557056K
  class space    used 14819K, committed 15616K, reserved 425984K
}
Event: 56.981 GC heap after
{Heap after GC invocations=16 (full 0):
 garbage-first heap   total 524288K, used 143360K [0x0000000740000000, 0x0000000800000000)
  region size 2048K, 20 young (40960K), 20 survivors (40960K)
 Metaspace       used 105325K, committed 106944K, reserved 557056K
  class space    used 14819K, committed 15616K, reserved 425984K
}
Event: 64.812 GC heap before
{Heap before GC invocations=16 (full 0):
 garbage-first heap   total 524288K, used 409600K [0x0000000740000000, 0x0000000800000000)
  region size 2048K, 151 young (309248K), 20 survivors (40960K)
 Metaspace       used 108144K, committed 109888K, reserved 557056K
  class space    used 15157K, committed 16000K, reserved 425984K
}
Event: 64.851 GC heap after
{Heap after GC invocations=17 (full 0):
 garbage-first heap   total 524288K, used 170113K [0x0000000740000000, 0x0000000800000000)
  region size 2048K, 14 young (28672K), 14 survivors (28672K)
 Metaspace       used 108144K, committed 109888K, reserved 557056K
  class space    used 15157K, committed 16000K, reserved 425984K
}
Event: 71.272 GC heap before
{Heap before GC invocations=17 (full 0):
 garbage-first heap   total 524288K, used 405633K [0x0000000740000000, 0x0000000800000000)
  region size 2048K, 130 young (266240K), 14 survivors (28672K)
 Metaspace       used 109751K, committed 111680K, reserved 557056K
  class space    used 15419K, committed 16384K, reserved 425984K
}
Event: 71.292 GC heap after
{Heap after GC invocations=18 (full 0):
 garbage-first heap   total 524288K, used 191115K [0x0000000740000000, 0x0000000800000000)
  region size 2048K, 12 young (24576K), 12 survivors (24576K)
 Metaspace       used 109751K, committed 111680K, reserved 557056K
  class space    used 15419K, committed 16384K, reserved 425984K
}
Event: 75.610 GC heap before
{Heap before GC invocations=18 (full 0):
 garbage-first heap   total 524288K, used 410251K [0x0000000740000000, 0x0000000800000000)
  region size 2048K, 119 young (243712K), 12 survivors (24576K)
 Metaspace       used 109950K, committed 111936K, reserved 557056K
  class space    used 15444K, committed 16384K, reserved 425984K
}
Event: 75.625 GC heap after
{Heap after GC invocations=19 (full 0):
 garbage-first heap   total 524288K, used 207204K [0x0000000740000000, 0x0000000800000000)
  region size 2048K, 9 young (18432K), 9 survivors (18432K)
 Metaspace       used 109950K, committed 111936K, reserved 557056K
  class space    used 15444K, committed 16384K, reserved 425984K
}
Event: 79.871 GC heap before
{Heap before GC invocations=19 (full 0):
 garbage-first heap   total 524288K, used 412004K [0x0000000740000000, 0x0000000800000000)
  region size 2048K, 109 young (223232K), 9 survivors (18432K)
 Metaspace       used 110432K, committed 112512K, reserved 557056K
  class space    used 15525K, committed 16512K, reserved 425984K
}
Event: 79.884 GC heap after
{Heap after GC invocations=20 (full 0):
 garbage-first heap   total 524288K, used 217000K [0x0000000740000000, 0x0000000800000000)
  region size 2048K, 13 young (26624K), 13 survivors (26624K)
 Metaspace       used 110432K, committed 112512K, reserved 557056K
  class space    used 15525K, committed 16512K, reserved 425984K
}
Event: 85.698 GC heap before
{Heap before GC invocations=20 (full 0):
 garbage-first heap   total 524288K, used 415656K [0x0000000740000000, 0x0000000800000000)
  region size 2048K, 110 young (225280K), 13 survivors (26624K)
 Metaspace       used 117246K, committed 119360K, reserved 557056K
  class space    used 16446K, committed 17408K, reserved 425984K
}
Event: 85.736 GC heap after
{Heap after GC invocations=21 (full 0):
 garbage-first heap   total 524288K, used 244639K [0x0000000740000000, 0x0000000800000000)
  region size 2048K, 14 young (28672K), 14 survivors (28672K)
 Metaspace       used 117246K, committed 119360K, reserved 557056K
  class space    used 16446K, committed 17408K, reserved 425984K
}

