# JRE version: Java(TM) SE Runtime Environment (17.0.12+8) (build 17.0.12+8-LTS-286)
# Java VM: Java HotSpot(TM) 64-Bit Server VM (17.0.12+8-LTS-286, mixed mode, sharing, tiered, compressed oops, compressed class ptrs, g1 gc, windows-amd64)
GC Precious Log:
 CPUs: 12 total, 12 available
 Memory: 7863M
 Large Page Support: Disabled
 NUMA Support: Disabled
 Compressed Oops: Enabled (32-bit)
 Heap Region Size: 1M
 Heap Min Capacity: 256M
 Heap Initial Capacity: 256M
 Heap Max Capacity: 2G
 Pre-touch: Disabled
 Parallel Workers: 10
 Concurrent Workers: 3
 Concurrent Refinement Workers: 10
 Periodic GC: Disabled
Heap:
 garbage-first heap   total 546816K, used 329503K [0x0000000080000000, 0x0000000100000000)
  region size 1024K, 35 young (35840K), 12 survivors (12288K)
 Metaspace       used 125858K, committed 128448K, reserved 770048K
  class space    used 17501K, committed 18752K, reserved 638976K
GC Heap History (20 events):
Event: 90.573 GC heap before
{Heap before GC invocations=56 (full 0):
 garbage-first heap   total 404480K, used 310406K [0x0000000080000000, 0x0000000100000000)
  region size 1024K, 73 young (74752K), 5 survivors (5120K)
 Metaspace       used 112360K, committed 114432K, reserved 770048K
  class space    used 15769K, committed 16768K, reserved 638976K
}
Event: 90.598 GC heap after
{Heap after GC invocations=57 (full 0):
 garbage-first heap   total 404480K, used 251237K [0x0000000080000000, 0x0000000100000000)
  region size 1024K, 10 young (10240K), 10 survivors (10240K)
 Metaspace       used 112360K, committed 114432K, reserved 770048K
  class space    used 15769K, committed 16768K, reserved 638976K
}
Event: 91.223 GC heap before
{Heap before GC invocations=57 (full 0):
 garbage-first heap   total 404480K, used 260453K [0x0000000080000000, 0x0000000100000000)
  region size 1024K, 19 young (19456K), 10 survivors (10240K)
 Metaspace       used 112487K, committed 114624K, reserved 770048K
  class space    used 15775K, committed 16832K, reserved 638976K
}
Event: 91.254 GC heap after
{Heap after GC invocations=58 (full 0):
 garbage-first heap   total 404480K, used 253355K [0x0000000080000000, 0x0000000100000000)
  region size 1024K, 3 young (3072K), 3 survivors (3072K)
 Metaspace       used 112487K, committed 114624K, reserved 770048K
  class space    used 15775K, committed 16832K, reserved 638976K
}
Event: 93.675 GC heap before
{Heap before GC invocations=58 (full 0):
 garbage-first heap   total 404480K, used 331179K [0x0000000080000000, 0x0000000100000000)
  region size 1024K, 79 young (80896K), 3 survivors (3072K)
 Metaspace       used 113750K, committed 115904K, reserved 770048K
  class space    used 15925K, committed 17024K, reserved 638976K
}
Event: 93.683 GC heap after
{Heap after GC invocations=59 (full 0):
 garbage-first heap   total 404480K, used 265208K [0x0000000080000000, 0x0000000100000000)
  region size 1024K, 10 young (10240K), 10 survivors (10240K)
 Metaspace       used 113750K, committed 115904K, reserved 770048K
  class space    used 15925K, committed 17024K, reserved 638976K
}
Event: 94.402 GC heap before
{Heap before GC invocations=59 (full 0):
 garbage-first heap   total 404480K, used 335864K [0x0000000080000000, 0x0000000100000000)
  region size 1024K, 79 young (80896K), 10 survivors (10240K)
 Metaspace       used 118781K, committed 120960K, reserved 770048K
  class space    used 16602K, committed 17664K, reserved 638976K
}
Event: 94.412 GC heap after
{Heap after GC invocations=60 (full 0):
 garbage-first heap   total 404480K, used 270217K [0x0000000080000000, 0x0000000100000000)
  region size 1024K, 5 young (5120K), 5 survivors (5120K)
 Metaspace       used 118781K, committed 120960K, reserved 770048K
  class space    used 16602K, committed 17664K, reserved 638976K
}
Event: 95.232 GC heap before
{Heap before GC invocations=60 (full 0):
 garbage-first heap   total 404480K, used 338825K [0x0000000080000000, 0x0000000100000000)
  region size 1024K, 72 young (73728K), 5 survivors (5120K)
 Metaspace       used 120485K, committed 122752K, reserved 770048K
  class space    used 16814K, committed 17920K, reserved 638976K
}
Event: 95.244 GC heap after
{Heap after GC invocations=61 (full 0):
 garbage-first heap   total 404480K, used 275993K [0x0000000080000000, 0x0000000100000000)
  region size 1024K, 9 young (9216K), 9 survivors (9216K)
 Metaspace       used 120485K, committed 122752K, reserved 770048K
  class space    used 16814K, committed 17920K, reserved 638976K
}
Event: 96.170 GC heap before
{Heap before GC invocations=62 (full 0):
 garbage-first heap   total 481280K, used 337433K [0x0000000080000000, 0x0000000100000000)
  region size 1024K, 69 young (70656K), 9 survivors (9216K)
 Metaspace       used 121136K, committed 123456K, reserved 770048K
  class space    used 16924K, committed 18048K, reserved 638976K
}
Event: 96.191 GC heap after
{Heap after GC invocations=63 (full 0):
 garbage-first heap   total 481280K, used 285690K [0x0000000080000000, 0x0000000100000000)
  region size 1024K, 9 young (9216K), 9 survivors (9216K)
 Metaspace       used 121136K, committed 123456K, reserved 770048K
  class space    used 16924K, committed 18048K, reserved 638976K
}
Event: 96.414 GC heap before
{Heap before GC invocations=63 (full 0):
 garbage-first heap   total 481280K, used 300026K [0x0000000080000000, 0x0000000100000000)
  region size 1024K, 23 young (23552K), 9 survivors (9216K)
 Metaspace       used 121276K, committed 123648K, reserved 770048K
  class space    used 16944K, committed 18112K, reserved 638976K
}
Event: 96.428 GC heap after
{Heap after GC invocations=64 (full 0):
 garbage-first heap   total 481280K, used 286370K [0x0000000080000000, 0x0000000100000000)
  region size 1024K, 3 young (3072K), 3 survivors (3072K)
 Metaspace       used 121276K, committed 123648K, reserved 770048K
  class space    used 16944K, committed 18112K, reserved 638976K
}
Event: 97.443 GC heap before
{Heap before GC invocations=64 (full 0):
 garbage-first heap   total 481280K, used 386722K [0x0000000080000000, 0x0000000100000000)
  region size 1024K, 101 young (103424K), 3 survivors (3072K)
 Metaspace       used 121926K, committed 124480K, reserved 770048K
  class space    used 17077K, committed 18304K, reserved 638976K
}
Event: 97.461 GC heap after
{Heap after GC invocations=65 (full 0):
 garbage-first heap   total 546816K, used 295015K [0x0000000080000000, 0x0000000100000000)
  region size 1024K, 11 young (11264K), 11 survivors (11264K)
 Metaspace       used 121926K, committed 124480K, reserved 770048K
  class space    used 17077K, committed 18304K, reserved 638976K
}
Event: 101.009 GC heap before
{Heap before GC invocations=65 (full 0):
 garbage-first heap   total 546816K, used 435303K [0x0000000080000000, 0x0000000100000000)
  region size 1024K, 144 young (147456K), 11 survivors (11264K)
 Metaspace       used 124763K, committed 127360K, reserved 770048K
  class space    used 17361K, committed 18560K, reserved 638976K
}
Event: 101.028 GC heap after
{Heap after GC invocations=66 (full 0):
 garbage-first heap   total 546816K, used 301865K [0x0000000080000000, 0x0000000100000000)
  region size 1024K, 16 young (16384K), 16 survivors (16384K)
 Metaspace       used 124763K, committed 127360K, reserved 770048K
  class space    used 17361K, committed 18560K, reserved 638976K
}
Event: 103.025 GC heap before
{Heap before GC invocations=66 (full 0):
 garbage-first heap   total 546816K, used 439081K [0x0000000080000000, 0x0000000100000000)
  region size 1024K, 150 young (153600K), 16 survivors (16384K)
 Metaspace       used 125760K, committed 128384K, reserved 770048K
  class space    used 17484K, committed 18752K, reserved 638976K
}
Event: 103.043 GC heap after
{Heap after GC invocations=67 (full 0):
 garbage-first heap   total 546816K, used 306975K [0x0000000080000000, 0x0000000100000000)
  region size 1024K, 12 young (12288K), 12 survivors (12288K)
 Metaspace       used 125760K, committed 128384K, reserved 770048K
  class space    used 17484K, committed 18752K, reserved 638976K
}

